<?xml version="1.0" encoding="UTF-8"?>
<!-- Generated by org.testng.reporters.JUnitXMLReporter -->
<testsuite ignored="0" hostname="M5-L-9D23R93" failures="0" tests="4" name="Default test" time="108.214" errors="0" timestamp="2024-02-05T11:36:24 IST">
  <testcase classname="actionsclass" name="draganddrp" time="16.031"/>
  <testcase classname="actionsclass" name="openbrowser" time="22.464"/>
  <testcase classname="actionsclass" name="openbrowser" time="21.729"/>
  <testcase classname="actionsclass" name="doubleclick" time="18.34"/>
</testsuite> <!-- Default test -->
