<?xml version="1.0" encoding="UTF-8"?>
<testng-results ignored="0" total="1" passed="1" failed="0" skipped="0">
  <reporter-output>
  </reporter-output>
  <suite started-at="2024-02-06T17:12:19 IST" name="BrowserTest" finished-at="2024-02-06T17:12:50 IST" duration-ms="30622">
    <groups>
    </groups>
    <test started-at="2024-02-06T17:12:19 IST" name="Command line test" finished-at="2024-02-06T17:12:50 IST" duration-ms="30622">
      <class name="BrowserTest">
        <test-method signature="openbrowser()[pri:0, instance:BrowserTest@41a2befb]" started-at="2024-02-06T17:12:19 IST" name="openbrowser" finished-at="2024-02-06T17:12:50 IST" duration-ms="30533" status="PASS">
          <reporter-output>
          </reporter-output>
        </test-method> <!-- openbrowser -->
      </class> <!-- BrowserTest -->
    </test> <!-- Command line test -->
  </suite> <!-- BrowserTest -->
</testng-results>
